[2025-11-10T16:04:44.117+0000] {taskinstance.py:1083} INFO - Dependencies all met for <TaskInstance: weather_hourly_pipeline.get_clean_and_save_weather_data scheduled__2025-11-10T15:29:37.772393+00:00 [queued]>
[2025-11-10T16:04:44.131+0000] {taskinstance.py:1083} INFO - Dependencies all met for <TaskInstance: weather_hourly_pipeline.get_clean_and_save_weather_data scheduled__2025-11-10T15:29:37.772393+00:00 [queued]>
[2025-11-10T16:04:44.132+0000] {taskinstance.py:1279} INFO - 
--------------------------------------------------------------------------------
[2025-11-10T16:04:44.133+0000] {taskinstance.py:1280} INFO - Starting attempt 2 of 2
[2025-11-10T16:04:44.133+0000] {taskinstance.py:1281} INFO - 
--------------------------------------------------------------------------------
[2025-11-10T16:04:44.152+0000] {taskinstance.py:1300} INFO - Executing <Task(PythonOperator): get_clean_and_save_weather_data> on 2025-11-10 15:29:37.772393+00:00
[2025-11-10T16:04:44.165+0000] {standard_task_runner.py:55} INFO - Started process 4470 to run task
[2025-11-10T16:04:44.169+0000] {standard_task_runner.py:82} INFO - Running: ['***', 'tasks', 'run', 'weather_hourly_pipeline', 'get_clean_and_save_weather_data', 'scheduled__2025-11-10T15:29:37.772393+00:00', '--job-id', '8', '--raw', '--subdir', 'DAGS_FOLDER/weather_pipeline_***.py', '--cfg-path', '/tmp/tmpen8sj2oc']
[2025-11-10T16:04:44.170+0000] {standard_task_runner.py:83} INFO - Job 8: Subtask get_clean_and_save_weather_data
[2025-11-10T16:04:44.273+0000] {task_command.py:388} INFO - Running <TaskInstance: weather_hourly_pipeline.get_clean_and_save_weather_data scheduled__2025-11-10T15:29:37.772393+00:00 [running]> on host 5dd9a050727f
[2025-11-10T16:04:44.369+0000] {taskinstance.py:1509} INFO - Exporting the following env vars:
AIRFLOW_CTX_DAG_OWNER=***
AIRFLOW_CTX_DAG_ID=weather_hourly_pipeline
AIRFLOW_CTX_TASK_ID=get_clean_and_save_weather_data
AIRFLOW_CTX_EXECUTION_DATE=2025-11-10T15:29:37.772393+00:00
AIRFLOW_CTX_TRY_NUMBER=2
AIRFLOW_CTX_DAG_RUN_ID=scheduled__2025-11-10T15:29:37.772393+00:00
[2025-11-10T16:04:44.374+0000] {logging_mixin.py:137} INFO - Memulai proses pipeline cuaca untuk Jakarta...
[2025-11-10T16:04:44.914+0000] {logging_mixin.py:137} INFO - Data berhasil diambil dan dibersihkan.
[2025-11-10T16:04:44.917+0000] {taskinstance.py:1768} ERROR - Task failed with exception
Traceback (most recent call last):
  File "/home/airflow/.local/lib/python3.7/site-packages/airflow/operators/python.py", line 175, in execute
    return_value = self.execute_callable()
  File "/home/airflow/.local/lib/python3.7/site-packages/airflow/operators/python.py", line 192, in execute_callable
    return self.python_callable(*self.op_args, **self.op_kwargs)
  File "/opt/airflow/dags/weather_pipeline_airflow.py", line 102, in get_and_clean_weather_data
    df.to_csv(NAMA_FILE, index=False)
  File "/home/airflow/.local/lib/python3.7/site-packages/pandas/core/generic.py", line 3482, in to_csv
    storage_options=storage_options,
  File "/home/airflow/.local/lib/python3.7/site-packages/pandas/io/formats/format.py", line 1105, in to_csv
    csv_formatter.save()
  File "/home/airflow/.local/lib/python3.7/site-packages/pandas/io/formats/csvs.py", line 243, in save
    storage_options=self.storage_options,
  File "/home/airflow/.local/lib/python3.7/site-packages/pandas/io/common.py", line 707, in get_handle
    newline="",
FileNotFoundError: [Errno 2] No such file or directory: 'data/cleaned_data_20251110_160444.csv'
[2025-11-10T16:04:44.943+0000] {taskinstance.py:1323} INFO - Marking task as FAILED. dag_id=weather_hourly_pipeline, task_id=get_clean_and_save_weather_data, execution_date=20251110T152937, start_date=20251110T160444, end_date=20251110T160444
[2025-11-10T16:04:44.968+0000] {standard_task_runner.py:105} ERROR - Failed to execute job 8 for task get_clean_and_save_weather_data ([Errno 2] No such file or directory: 'data/cleaned_data_20251110_160444.csv'; 4470)
[2025-11-10T16:04:45.025+0000] {local_task_job.py:208} INFO - Task exited with return code 1
[2025-11-10T16:04:45.051+0000] {taskinstance.py:2578} INFO - 0 downstream tasks scheduled from follow-on schedule check
