[2025-11-10T16:29:39.891+0000] {taskinstance.py:1083} INFO - Dependencies all met for <TaskInstance: weather_hourly_pipeline.get_clean_and_save_weather_data scheduled__2025-11-10T15:59:37.772393+00:00 [queued]>
[2025-11-10T16:29:39.911+0000] {taskinstance.py:1083} INFO - Dependencies all met for <TaskInstance: weather_hourly_pipeline.get_clean_and_save_weather_data scheduled__2025-11-10T15:59:37.772393+00:00 [queued]>
[2025-11-10T16:29:39.912+0000] {taskinstance.py:1279} INFO - 
--------------------------------------------------------------------------------
[2025-11-10T16:29:39.912+0000] {taskinstance.py:1280} INFO - Starting attempt 1 of 2
[2025-11-10T16:29:39.913+0000] {taskinstance.py:1281} INFO - 
--------------------------------------------------------------------------------
[2025-11-10T16:29:39.940+0000] {taskinstance.py:1300} INFO - Executing <Task(PythonOperator): get_clean_and_save_weather_data> on 2025-11-10 15:59:37.772393+00:00
[2025-11-10T16:29:39.957+0000] {standard_task_runner.py:55} INFO - Started process 1573 to run task
[2025-11-10T16:29:39.963+0000] {standard_task_runner.py:82} INFO - Running: ['***', 'tasks', 'run', 'weather_hourly_pipeline', 'get_clean_and_save_weather_data', 'scheduled__2025-11-10T15:59:37.772393+00:00', '--job-id', '12', '--raw', '--subdir', 'DAGS_FOLDER/weather_pipeline_***.py', '--cfg-path', '/tmp/tmpd15dhg2f']
[2025-11-10T16:29:39.964+0000] {standard_task_runner.py:83} INFO - Job 12: Subtask get_clean_and_save_weather_data
[2025-11-10T16:29:40.126+0000] {task_command.py:388} INFO - Running <TaskInstance: weather_hourly_pipeline.get_clean_and_save_weather_data scheduled__2025-11-10T15:59:37.772393+00:00 [running]> on host 6339130355c1
[2025-11-10T16:29:40.261+0000] {taskinstance.py:1509} INFO - Exporting the following env vars:
AIRFLOW_CTX_DAG_OWNER=***
AIRFLOW_CTX_DAG_ID=weather_hourly_pipeline
AIRFLOW_CTX_TASK_ID=get_clean_and_save_weather_data
AIRFLOW_CTX_EXECUTION_DATE=2025-11-10T15:59:37.772393+00:00
AIRFLOW_CTX_TRY_NUMBER=1
AIRFLOW_CTX_DAG_RUN_ID=scheduled__2025-11-10T15:59:37.772393+00:00
[2025-11-10T16:29:40.268+0000] {logging_mixin.py:137} INFO - Memulai proses pipeline cuaca untuk Jakarta...
[2025-11-10T16:29:40.791+0000] {logging_mixin.py:137} INFO - Data berhasil diambil dan dibersihkan.
[2025-11-10T16:29:40.803+0000] {logging_mixin.py:137} INFO - Data bersih berhasil disimpan di data/cleaned_data_20251110_162940.csv
[2025-11-10T16:29:40.804+0000] {python.py:177} INFO - Done. Returned value was: None
[2025-11-10T16:29:40.823+0000] {taskinstance.py:1323} INFO - Marking task as SUCCESS. dag_id=weather_hourly_pipeline, task_id=get_clean_and_save_weather_data, execution_date=20251110T155937, start_date=20251110T162939, end_date=20251110T162940
[2025-11-10T16:29:40.901+0000] {local_task_job.py:208} INFO - Task exited with return code 0
[2025-11-10T16:29:40.945+0000] {taskinstance.py:2578} INFO - 0 downstream tasks scheduled from follow-on schedule check
